# JRE version: Java(TM) SE Runtime Environment (8.0_162-b12) (build 1.8.0_162-b12)
# Java VM: Java HotSpot(TM) 64-Bit Server VM (25.162-b12 mixed mode bsd-amd64 compressed oops)
Heap:
 PSYoungGen      total 190464K, used 93582K [0x0000000795580000, 0x00000007a6480000, 0x00000007c0000000)
  eden space 181760K, 48% used [0x0000000795580000,0x000000079aba2cc0,0x00000007a0700000)
  from space 8704K, 61% used [0x00000007a0700000,0x00000007a0c40e18,0x00000007a0f80000)
  to   space 8704K, 0% used [0x00000007a5c00000,0x00000007a5c00000,0x00000007a6480000)
 ParOldGen       total 53248K, used 9849K [0x0000000740000000, 0x0000000743400000, 0x0000000795580000)
  object space 53248K, 18% used [0x0000000740000000,0x000000074099e6b8,0x0000000743400000)
 Metaspace       used 31029K, capacity 32476K, committed 32640K, reserved 1077248K
  class space    used 4397K, capacity 4735K, committed 4736K, reserved 1048576K
GC Heap History (10 events):
Event: 3.751 GC heap before
{Heap before GC invocations=6 (full 1):
 PSYoungGen      total 61440K, used 61017K [0x0000000795580000, 0x0000000799f00000, 0x00000007c0000000)
  eden space 57856K, 99% used [0x0000000795580000,0x0000000798df3d00,0x0000000798e00000)
  from space 3584K, 89% used [0x0000000799b80000,0x0000000799ea2930,0x0000000799f00000)
  to   space 5120K, 0% used [0x0000000799500000,0x0000000799500000,0x0000000799a00000)
 ParOldGen       total 53248K, used 7804K [0x0000000740000000, 0x0000000743400000, 0x0000000795580000)
  object space 53248K, 14% used [0x0000000740000000,0x000000074079f310,0x0000000743400000)
 Metaspace       used 22952K, capacity 23826K, committed 24064K, reserved 1069056K
  class space    used 3288K, capacity 3524K, committed 3584K, reserved 1048576K
Event: 3.760 GC heap after
Heap after GC invocations=6 (full 1):
 PSYoungGen      total 70144K, used 2255K [0x0000000795580000, 0x000000079cb00000, 0x00000007c0000000)
  eden space 65024K, 0% used [0x0000000795580000,0x0000000795580000,0x0000000799500000)
  from space 5120K, 44% used [0x0000000799500000,0x0000000799733d08,0x0000000799a00000)
  to   space 8704K, 0% used [0x000000079c280000,0x000000079c280000,0x000000079cb00000)
 ParOldGen       total 53248K, used 7812K [0x0000000740000000, 0x0000000743400000, 0x0000000795580000)
  object space 53248K, 14% used [0x0000000740000000,0x00000007407a1310,0x0000000743400000)
 Metaspace       used 22952K, capacity 23826K, committed 24064K, reserved 1069056K
  class space    used 3288K, capacity 3524K, committed 3584K, reserved 1048576K
}
Event: 3.785 GC heap before
{Heap before GC invocations=7 (full 1):
 PSYoungGen      total 70144K, used 67169K [0x0000000795580000, 0x000000079cb00000, 0x00000007c0000000)
  eden space 65024K, 99% used [0x0000000795580000,0x00000007994e49f0,0x0000000799500000)
  from space 5120K, 44% used [0x0000000799500000,0x0000000799733d08,0x0000000799a00000)
  to   space 8704K, 0% used [0x000000079c280000,0x000000079c280000,0x000000079cb00000)
 ParOldGen       total 53248K, used 7812K [0x0000000740000000, 0x0000000743400000, 0x0000000795580000)
  object space 53248K, 14% used [0x0000000740000000,0x00000007407a1310,0x0000000743400000)
 Metaspace       used 22952K, capacity 23826K, committed 24064K, reserved 1069056K
  class space    used 3288K, capacity 3524K, committed 3584K, reserved 1048576K
Event: 3.790 GC heap after
Heap after GC invocations=7 (full 1):
 PSYoungGen      total 111616K, used 2260K [0x0000000795580000, 0x000000079db00000, 0x00000007c0000000)
  eden space 102912K, 0% used [0x0000000795580000,0x0000000795580000,0x000000079ba00000)
  from space 8704K, 25% used [0x000000079c280000,0x000000079c4b50f8,0x000000079cb00000)
  to   space 8704K, 0% used [0x000000079ba00000,0x000000079ba00000,0x000000079c280000)
 ParOldGen       total 53248K, used 7820K [0x0000000740000000, 0x0000000743400000, 0x0000000795580000)
  object space 53248K, 14% used [0x0000000740000000,0x00000007407a3310,0x0000000743400000)
 Metaspace       used 22952K, capacity 23826K, committed 24064K, reserved 1069056K
  class space    used 3288K, capacity 3524K, committed 3584K, reserved 1048576K
}
Event: 3.929 GC heap before
{Heap before GC invocations=8 (full 1):
 PSYoungGen      total 111616K, used 105064K [0x0000000795580000, 0x000000079db00000, 0x00000007c0000000)
  eden space 102912K, 99% used [0x0000000795580000,0x000000079b9e50b8,0x000000079ba00000)
  from space 8704K, 25% used [0x000000079c280000,0x000000079c4b50f8,0x000000079cb00000)
  to   space 8704K, 0% used [0x000000079ba00000,0x000000079ba00000,0x000000079c280000)
 ParOldGen       total 53248K, used 7820K [0x0000000740000000, 0x0000000743400000, 0x0000000795580000)
  object space 53248K, 14% used [0x0000000740000000,0x00000007407a3310,0x0000000743400000)
 Metaspace       used 23079K, capacity 23962K, committed 24064K, reserved 1069056K
  class space    used 3308K, capacity 3542K, committed 3584K, reserved 1048576K
Event: 3.933 GC heap after
Heap after GC invocations=8 (full 1):
 PSYoungGen      total 111616K, used 2442K [0x0000000795580000, 0x00000007a1c00000, 0x00000007c0000000)
  eden space 102912K, 0% used [0x0000000795580000,0x0000000795580000,0x000000079ba00000)
  from space 8704K, 28% used [0x000000079ba00000,0x000000079bc62b20,0x000000079c280000)
  to   space 8704K, 0% used [0x00000007a1380000,0x00000007a1380000,0x00000007a1c00000)
 ParOldGen       total 53248K, used 7820K [0x0000000740000000, 0x0000000743400000, 0x0000000795580000)
  object space 53248K, 14% used [0x0000000740000000,0x00000007407a3310,0x0000000743400000)
 Metaspace       used 23079K, capacity 23962K, committed 24064K, reserved 1069056K
  class space    used 3308K, capacity 3542K, committed 3584K, reserved 1048576K
}
Event: 5.926 GC heap before
{Heap before GC invocations=9 (full 1):
 PSYoungGen      total 111616K, used 105354K [0x0000000795580000, 0x00000007a1c00000, 0x00000007c0000000)
  eden space 102912K, 100% used [0x0000000795580000,0x000000079ba00000,0x000000079ba00000)
  from space 8704K, 28% used [0x000000079ba00000,0x000000079bc62b20,0x000000079c280000)
  to   space 8704K, 0% used [0x00000007a1380000,0x00000007a1380000,0x00000007a1c00000)
 ParOldGen       total 53248K, used 7820K [0x0000000740000000, 0x0000000743400000, 0x0000000795580000)
  object space 53248K, 14% used [0x0000000740000000,0x00000007407a3310,0x0000000743400000)
 Metaspace       used 24930K, capacity 25922K, committed 26112K, reserved 1071104K
  class space    used 3526K, capacity 3798K, committed 3840K, reserved 1048576K
Event: 5.959 GC heap after
Heap after GC invocations=9 (full 1):
 PSYoungGen      total 186368K, used 2498K [0x0000000795580000, 0x00000007a1800000, 0x00000007c0000000)
  eden space 181760K, 0% used [0x0000000795580000,0x0000000795580000,0x00000007a0700000)
  from space 4608K, 54% used [0x00000007a1380000,0x00000007a15f0ac8,0x00000007a1800000)
  to   space 8704K, 0% used [0x00000007a0700000,0x00000007a0700000,0x00000007a0f80000)
 ParOldGen       total 53248K, used 9841K [0x0000000740000000, 0x0000000743400000, 0x0000000795580000)
  object space 53248K, 18% used [0x0000000740000000,0x000000074099c6b8,0x0000000743400000)
 Metaspace       used 24930K, capacity 25922K, committed 26112K, reserved 1071104K
  class space    used 3526K, capacity 3798K, committed 3840K, reserved 1048576K
}
Event: 10.836 GC heap before
{Heap before GC invocations=10 (full 1):
 PSYoungGen      total 186368K, used 184258K [0x0000000795580000, 0x00000007a1800000, 0x00000007c0000000)
  eden space 181760K, 100% used [0x0000000795580000,0x00000007a0700000,0x00000007a0700000)
  from space 4608K, 54% used [0x00000007a1380000,0x00000007a15f0ac8,0x00000007a1800000)
  to   space 8704K, 0% used [0x00000007a0700000,0x00000007a0700000,0x00000007a0f80000)
 ParOldGen       total 53248K, used 9841K [0x0000000740000000, 0x0000000743400000, 0x0000000795580000)
  object space 53248K, 18% used [0x0000000740000000,0x000000074099c6b8,0x0000000743400000)
 Metaspace       used 28307K, capacity 29442K, committed 29568K, reserved 1075200K
  class space    used 3913K, capacity 4176K, committed 4224K, reserved 1048576K
Event: 10.856 GC heap after
Heap after GC invocations=10 (full 1):
 PSYoungGen      total 190464K, used 5379K [0x0000000795580000, 0x00000007a6480000, 0x00000007c0000000)
  eden space 181760K, 0% used [0x0000000795580000,0x0000000795580000,0x00000007a0700000)
  from space 8704K, 61% used [0x00000007a0700000,0x00000007a0c40e18,0x00000007a0f80000)
  to   space 8704K, 0% used [0x00000007a5c00000,0x00000007a5c00000,0x00000007a6480000)
 ParOldGen       total 53248K, used 9849K [0x0000000740000000, 0x0000000743400000, 0x0000000795580000)
  object space 53248K, 18% used [0x0000000740000000,0x000000074099e6b8,0x0000000743400000)
 Metaspace       used 28307K, capacity 29442K, committed 29568K, reserved 1075200K
  class space    used 3913K, capacity 4176K, committed 4224K, reserved 1048576K
}

